# JRE version: OpenJDK Runtime Environment (8.0_212-b01) (build 1.8.0_212-8u212-b01-1~deb9u1-b01)
# Java VM: OpenJDK 64-Bit Server VM (25.212-b01 mixed mode linux-amd64 compressed oops)
Heap:
 PSYoungGen      total 266240K, used 111387K [0x00000000eab00000, 0x0000000100000000, 0x0000000100000000)
  eden space 182784K, 60% used [0x00000000eab00000,0x00000000f17c6d00,0x00000000f5d80000)
  from space 83456K, 0% used [0x00000000fae80000,0x00000000fae80000,0x0000000100000000)
  to   space 82944K, 0% used [0x00000000f5d80000,0x00000000f5d80000,0x00000000fae80000)
 ParOldGen       total 314368K, used 162684K [0x00000000c0000000, 0x00000000d3300000, 0x00000000eab00000)
  object space 314368K, 51% used [0x00000000c0000000,0x00000000c9edf228,0x00000000d3300000)
 Metaspace       used 24988K, capacity 25356K, committed 25728K, reserved 1071104K
  class space    used 3003K, capacity 3121K, committed 3200K, reserved 1048576K
GC Heap History (10 events):
Event: 19,565 GC heap before
{Heap before GC invocations=11 (full 2):
 PSYoungGen      total 261120K, used 133976K [0x00000000eab00000, 0x0000000100000000, 0x0000000100000000)
  eden space 201728K, 36% used [0x00000000eab00000,0x00000000ef3d9d50,0x00000000f7000000)
  from space 59392K, 99% used [0x00000000fc600000,0x00000000ffffc690,0x0000000100000000)
  to   space 73728K, 0% used [0x00000000f7000000,0x00000000f7000000,0x00000000fb800000)
 ParOldGen       total 162816K, used 99590K [0x00000000c0000000, 0x00000000c9f00000, 0x00000000eab00000)
  object space 162816K, 61% used [0x00000000c0000000,0x00000000c6141830,0x00000000c9f00000)
 Metaspace       used 22395K, capacity 22730K, committed 22912K, reserved 1069056K
  class space    used 2804K, capacity 2920K, committed 2944K, reserved 1048576K
Event: 19,596 GC heap after
Heap after GC invocations=11 (full 2):
 PSYoungGen      total 263168K, used 61367K [0x00000000eab00000, 0x0000000100000000, 0x0000000100000000)
  eden space 201728K, 0% used [0x00000000eab00000,0x00000000eab00000,0x00000000f7000000)
  from space 61440K, 99% used [0x00000000f7000000,0x00000000fabedc80,0x00000000fac00000)
  to   space 83456K, 0% used [0x00000000fae80000,0x00000000fae80000,0x0000000100000000)
 ParOldGen       total 162816K, used 106860K [0x00000000c0000000, 0x00000000c9f00000, 0x00000000eab00000)
  object space 162816K, 65% used [0x00000000c0000000,0x00000000c685b1b0,0x00000000c9f00000)
 Metaspace       used 22395K, capacity 22730K, committed 22912K, reserved 1069056K
  class space    used 2804K, capacity 2920K, committed 2944K, reserved 1048576K
}
Event: 19,596 GC heap before
{Heap before GC invocations=12 (full 3):
 PSYoungGen      total 263168K, used 61367K [0x00000000eab00000, 0x0000000100000000, 0x0000000100000000)
  eden space 201728K, 0% used [0x00000000eab00000,0x00000000eab00000,0x00000000f7000000)
  from space 61440K, 99% used [0x00000000f7000000,0x00000000fabedc80,0x00000000fac00000)
  to   space 83456K, 0% used [0x00000000fae80000,0x00000000fae80000,0x0000000100000000)
 ParOldGen       total 162816K, used 106860K [0x00000000c0000000, 0x00000000c9f00000, 0x00000000eab00000)
  object space 162816K, 65% used [0x00000000c0000000,0x00000000c685b1b0,0x00000000c9f00000)
 Metaspace       used 22395K, capacity 22730K, committed 22912K, reserved 1069056K
  class space    used 2804K, capacity 2920K, committed 2944K, reserved 1048576K
Event: 20,044 GC heap after
Heap after GC invocations=12 (full 3):
 PSYoungGen      total 263168K, used 0K [0x00000000eab00000, 0x0000000100000000, 0x0000000100000000)
  eden space 201728K, 0% used [0x00000000eab00000,0x00000000eab00000,0x00000000f7000000)
  from space 61440K, 0% used [0x00000000f7000000,0x00000000f7000000,0x00000000fac00000)
  to   space 83456K, 0% used [0x00000000fae80000,0x00000000fae80000,0x0000000100000000)
 ParOldGen       total 162816K, used 135541K [0x00000000c0000000, 0x00000000c9f00000, 0x00000000eab00000)
  object space 162816K, 83% used [0x00000000c0000000,0x00000000c845d510,0x00000000c9f00000)
 Metaspace       used 22395K, capacity 22730K, committed 22912K, reserved 1069056K
  class space    used 2804K, capacity 2920K, committed 2944K, reserved 1048576K
}
Event: 20,045 GC heap before
{Heap before GC invocations=13 (full 3):
 PSYoungGen      total 263168K, used 4935K [0x00000000eab00000, 0x0000000100000000, 0x0000000100000000)
  eden space 201728K, 2% used [0x00000000eab00000,0x00000000eafd1c08,0x00000000f7000000)
  from space 61440K, 0% used [0x00000000f7000000,0x00000000f7000000,0x00000000fac00000)
  to   space 83456K, 0% used [0x00000000fae80000,0x00000000fae80000,0x0000000100000000)
 ParOldGen       total 162816K, used 135541K [0x00000000c0000000, 0x00000000c9f00000, 0x00000000eab00000)
  object space 162816K, 83% used [0x00000000c0000000,0x00000000c845d510,0x00000000c9f00000)
 Metaspace       used 22395K, capacity 22730K, committed 22912K, reserved 1069056K
  class space    used 2804K, capacity 2920K, committed 2944K, reserved 1048576K
Event: 20,046 GC heap after
Heap after GC invocations=13 (full 3):
 PSYoungGen      total 266240K, used 64K [0x00000000eab00000, 0x0000000100000000, 0x0000000100000000)
  eden space 182784K, 0% used [0x00000000eab00000,0x00000000eab00000,0x00000000f5d80000)
  from space 83456K, 0% used [0x00000000fae80000,0x00000000fae90000,0x0000000100000000)
  to   space 82944K, 0% used [0x00000000f5d80000,0x00000000f5d80000,0x00000000fae80000)
 ParOldGen       total 162816K, used 135541K [0x00000000c0000000, 0x00000000c9f00000, 0x00000000eab00000)
  object space 162816K, 83% used [0x00000000c0000000,0x00000000c845d510,0x00000000c9f00000)
 Metaspace       used 22395K, capacity 22730K, committed 22912K, reserved 1069056K
  class space    used 2804K, capacity 2920K, committed 2944K, reserved 1048576K
}
Event: 20,046 GC heap before
{Heap before GC invocations=14 (full 4):
 PSYoungGen      total 266240K, used 64K [0x00000000eab00000, 0x0000000100000000, 0x0000000100000000)
  eden space 182784K, 0% used [0x00000000eab00000,0x00000000eab00000,0x00000000f5d80000)
  from space 83456K, 0% used [0x00000000fae80000,0x00000000fae90000,0x0000000100000000)
  to   space 82944K, 0% used [0x00000000f5d80000,0x00000000f5d80000,0x00000000fae80000)
 ParOldGen       total 162816K, used 135541K [0x00000000c0000000, 0x00000000c9f00000, 0x00000000eab00000)
  object space 162816K, 83% used [0x00000000c0000000,0x00000000c845d510,0x00000000c9f00000)
 Metaspace       used 22395K, capacity 22730K, committed 22912K, reserved 1069056K
  class space    used 2804K, capacity 2920K, committed 2944K, reserved 1048576K
Event: 20,341 GC heap after
Heap after GC invocations=14 (full 4):
 PSYoungGen      total 266240K, used 0K [0x00000000eab00000, 0x0000000100000000, 0x0000000100000000)
  eden space 182784K, 0% used [0x00000000eab00000,0x00000000eab00000,0x00000000f5d80000)
  from space 83456K, 0% used [0x00000000fae80000,0x00000000fae80000,0x0000000100000000)
  to   space 82944K, 0% used [0x00000000f5d80000,0x00000000f5d80000,0x00000000fae80000)
 ParOldGen       total 162816K, used 135541K [0x00000000c0000000, 0x00000000c9f00000, 0x00000000eab00000)
  object space 162816K, 83% used [0x00000000c0000000,0x00000000c845d548,0x00000000c9f00000)
 Metaspace       used 22395K, capacity 22730K, committed 22912K, reserved 1069056K
  class space    used 2804K, capacity 2920K, committed 2944K, reserved 1048576K
}
Event: 23,479 GC heap before
{Heap before GC invocations=15 (full 5):
 PSYoungGen      total 266240K, used 182784K [0x00000000eab00000, 0x0000000100000000, 0x0000000100000000)
  eden space 182784K, 100% used [0x00000000eab00000,0x00000000f5d80000,0x00000000f5d80000)
  from space 83456K, 0% used [0x00000000fae80000,0x00000000fae80000,0x0000000100000000)
  to   space 82944K, 0% used [0x00000000f5d80000,0x00000000f5d80000,0x00000000fae80000)
 ParOldGen       total 162816K, used 135541K [0x00000000c0000000, 0x00000000c9f00000, 0x00000000eab00000)
  object space 162816K, 83% used [0x00000000c0000000,0x00000000c845d548,0x00000000c9f00000)
 Metaspace       used 24100K, capacity 24416K, committed 24704K, reserved 1071104K
  class space    used 2960K, capacity 3087K, committed 3200K, reserved 1048576K
Event: 23,802 GC heap after
Heap after GC invocations=15 (full 5):
 PSYoungGen      total 266240K, used 29644K [0x00000000eab00000, 0x0000000100000000, 0x0000000100000000)
  eden space 182784K, 16% used [0x00000000eab00000,0x00000000ec7f3150,0x00000000f5d80000)
  from space 83456K, 0% used [0x00000000fae80000,0x00000000fae80000,0x0000000100000000)
  to   space 82944K, 0% used [0x00000000f5d80000,0x00000000f5d80000,0x00000000fae80000)
 ParOldGen       total 314368K, used 162684K [0x00000000c0000000, 0x00000000d3300000, 0x00000000eab00000)
  object space 314368K, 51% used [0x00000000c0000000,0x00000000c9edf228,0x00000000d3300000)
 Metaspace       used 24100K, capacity 24416K, committed 24704K, reserved 1071104K
  class space    used 2960K, capacity 3087K, committed 3200K, reserved 1048576K
}

