# JRE version: OpenJDK Runtime Environment (8.0_151-b12) (build 1.8.0_151-8u151-b12-1~deb9u1-b12)
# Java VM: OpenJDK 64-Bit Server VM (25.151-b12 mixed mode linux-amd64 compressed oops)
Heap:
 PSYoungGen      total 72704K, used 10866K [0x00000000eab00000, 0x00000000efc00000, 0x0000000100000000)
  eden space 62464K, 17% used [0x00000000eab00000,0x00000000eb59c9b8,0x00000000ee800000)
  from space 10240K, 0% used [0x00000000ef200000,0x00000000ef200000,0x00000000efc00000)
  to   space 10240K, 0% used [0x00000000ee800000,0x00000000ee800000,0x00000000ef200000)
 ParOldGen       total 69632K, used 6772K [0x00000000c0000000, 0x00000000c4400000, 0x00000000eab00000)
  object space 69632K, 9% used [0x00000000c0000000,0x00000000c069d188,0x00000000c4400000)
 Metaspace       used 21637K, capacity 21956K, committed 22272K, reserved 1069056K
  class space    used 2681K, capacity 2791K, committed 2816K, reserved 1048576K
GC Heap History (6 events):
Event: 0,785 GC heap before
{Heap before GC invocations=1 (full 0):
 PSYoungGen      total 72704K, used 62464K [0x00000000eab00000, 0x00000000efc00000, 0x0000000100000000)
  eden space 62464K, 100% used [0x00000000eab00000,0x00000000ee800000,0x00000000ee800000)
  from space 10240K, 0% used [0x00000000ef200000,0x00000000ef200000,0x00000000efc00000)
  to   space 10240K, 0% used [0x00000000ee800000,0x00000000ee800000,0x00000000ef200000)
 ParOldGen       total 166912K, used 0K [0x00000000c0000000, 0x00000000ca300000, 0x00000000eab00000)
  object space 166912K, 0% used [0x00000000c0000000,0x00000000c0000000,0x00000000ca300000)
 Metaspace       used 16485K, capacity 16732K, committed 17024K, reserved 1064960K
  class space    used 2052K, capacity 2143K, committed 2176K, reserved 1048576K
Event: 0,793 GC heap after
Heap after GC invocations=1 (full 0):
 PSYoungGen      total 72704K, used 7061K [0x00000000eab00000, 0x00000000efc00000, 0x0000000100000000)
  eden space 62464K, 0% used [0x00000000eab00000,0x00000000eab00000,0x00000000ee800000)
  from space 10240K, 68% used [0x00000000ee800000,0x00000000eeee55b0,0x00000000ef200000)
  to   space 10240K, 0% used [0x00000000ef200000,0x00000000ef200000,0x00000000efc00000)
 ParOldGen       total 166912K, used 80K [0x00000000c0000000, 0x00000000ca300000, 0x00000000eab00000)
  object space 166912K, 0% used [0x00000000c0000000,0x00000000c0014010,0x00000000ca300000)
 Metaspace       used 16485K, capacity 16732K, committed 17024K, reserved 1064960K
  class space    used 2052K, capacity 2143K, committed 2176K, reserved 1048576K
}
Event: 9,536 GC heap before
{Heap before GC invocations=2 (full 0):
 PSYoungGen      total 72704K, used 46915K [0x00000000eab00000, 0x00000000efc00000, 0x0000000100000000)
  eden space 62464K, 63% used [0x00000000eab00000,0x00000000ed1eba00,0x00000000ee800000)
  from space 10240K, 68% used [0x00000000ee800000,0x00000000eeee55b0,0x00000000ef200000)
  to   space 10240K, 0% used [0x00000000ef200000,0x00000000ef200000,0x00000000efc00000)
 ParOldGen       total 166912K, used 80K [0x00000000c0000000, 0x00000000ca300000, 0x00000000eab00000)
  object space 166912K, 0% used [0x00000000c0000000,0x00000000c0014010,0x00000000ca300000)
 Metaspace       used 20603K, capacity 20932K, committed 21248K, reserved 1067008K
  class space    used 2604K, capacity 2727K, committed 2816K, reserved 1048576K
Event: 9,559 GC heap after
Heap after GC invocations=2 (full 0):
 PSYoungGen      total 72704K, used 7529K [0x00000000eab00000, 0x00000000efc00000, 0x0000000100000000)
  eden space 62464K, 0% used [0x00000000eab00000,0x00000000eab00000,0x00000000ee800000)
  from space 10240K, 73% used [0x00000000ef200000,0x00000000ef95a4c0,0x00000000efc00000)
  to   space 10240K, 0% used [0x00000000ee800000,0x00000000ee800000,0x00000000ef200000)
 ParOldGen       total 166912K, used 96K [0x00000000c0000000, 0x00000000ca300000, 0x00000000eab00000)
  object space 166912K, 0% used [0x00000000c0000000,0x00000000c0018010,0x00000000ca300000)
 Metaspace       used 20603K, capacity 20932K, committed 21248K, reserved 1067008K
  class space    used 2604K, capacity 2727K, committed 2816K, reserved 1048576K
}
Event: 9,559 GC heap before
{Heap before GC invocations=3 (full 1):
 PSYoungGen      total 72704K, used 7529K [0x00000000eab00000, 0x00000000efc00000, 0x0000000100000000)
  eden space 62464K, 0% used [0x00000000eab00000,0x00000000eab00000,0x00000000ee800000)
  from space 10240K, 73% used [0x00000000ef200000,0x00000000ef95a4c0,0x00000000efc00000)
  to   space 10240K, 0% used [0x00000000ee800000,0x00000000ee800000,0x00000000ef200000)
 ParOldGen       total 166912K, used 96K [0x00000000c0000000, 0x00000000ca300000, 0x00000000eab00000)
  object space 166912K, 0% used [0x00000000c0000000,0x00000000c0018010,0x00000000ca300000)
 Metaspace       used 20603K, capacity 20932K, committed 21248K, reserved 1067008K
  class space    used 2604K, capacity 2727K, committed 2816K, reserved 1048576K
Event: 9,589 GC heap after
Heap after GC invocations=3 (full 1):
 PSYoungGen      total 72704K, used 0K [0x00000000eab00000, 0x00000000efc00000, 0x0000000100000000)
  eden space 62464K, 0% used [0x00000000eab00000,0x00000000eab00000,0x00000000ee800000)
  from space 10240K, 0% used [0x00000000ef200000,0x00000000ef200000,0x00000000efc00000)
  to   space 10240K, 0% used [0x00000000ee800000,0x00000000ee800000,0x00000000ef200000)
 ParOldGen       total 69632K, used 6772K [0x00000000c0000000, 0x00000000c4400000, 0x00000000eab00000)
  object space 69632K, 9% used [0x00000000c0000000,0x00000000c069d188,0x00000000c4400000)
 Metaspace       used 20603K, capacity 20932K, committed 21248K, reserved 1067008K
  class space    used 2604K, capacity 2727K, committed 2816K, reserved 1048576K
}

