# JRE version: OpenJDK Runtime Environment (8.0_212-b01) (build 1.8.0_212-8u212-b01-1~deb9u1-b01)
# Java VM: OpenJDK 64-Bit Server VM (25.212-b01 mixed mode linux-amd64 compressed oops)
Heap:
 PSYoungGen      total 268288K, used 130184K [0x00000000eab00000, 0x0000000100000000, 0x0000000100000000)
  eden space 186880K, 69% used [0x00000000eab00000,0x00000000f2a22348,0x00000000f6180000)
  from space 81408K, 0% used [0x00000000fb080000,0x00000000fb080000,0x0000000100000000)
  to   space 80896K, 0% used [0x00000000f6180000,0x00000000f6180000,0x00000000fb080000)
 ParOldGen       total 300544K, used 159567K [0x00000000c0000000, 0x00000000d2580000, 0x00000000eab00000)
  object space 300544K, 53% used [0x00000000c0000000,0x00000000c9bd3e88,0x00000000d2580000)
 Metaspace       used 25259K, capacity 25610K, committed 25984K, reserved 1073152K
  class space    used 3012K, capacity 3158K, committed 3200K, reserved 1048576K
GC Heap History (10 events):
Event: 20,152 GC heap before
{Heap before GC invocations=11 (full 2):
 PSYoungGen      total 263168K, used 117571K [0x00000000eab00000, 0x0000000100000000, 0x0000000100000000)
  eden space 202752K, 28% used [0x00000000eab00000,0x00000000ee380168,0x00000000f7100000)
  from space 60416K, 98% used [0x00000000fc500000,0x00000000fff50e50,0x0000000100000000)
  to   space 73216K, 0% used [0x00000000f7100000,0x00000000f7100000,0x00000000fb880000)
 ParOldGen       total 159744K, used 104749K [0x00000000c0000000, 0x00000000c9c00000, 0x00000000eab00000)
  object space 159744K, 65% used [0x00000000c0000000,0x00000000c664b698,0x00000000c9c00000)
 Metaspace       used 22280K, capacity 22602K, committed 22912K, reserved 1069056K
  class space    used 2799K, capacity 2920K, committed 2944K, reserved 1048576K
Event: 20,192 GC heap after
Heap after GC invocations=11 (full 2):
 PSYoungGen      total 260608K, used 57837K [0x00000000eab00000, 0x0000000100000000, 0x0000000100000000)
  eden space 202752K, 0% used [0x00000000eab00000,0x00000000eab00000,0x00000000f7100000)
  from space 57856K, 99% used [0x00000000f7100000,0x00000000fa97b400,0x00000000fa980000)
  to   space 81408K, 0% used [0x00000000fb080000,0x00000000fb080000,0x0000000100000000)
 ParOldGen       total 159744K, used 110308K [0x00000000c0000000, 0x00000000c9c00000, 0x00000000eab00000)
  object space 159744K, 69% used [0x00000000c0000000,0x00000000c6bb9018,0x00000000c9c00000)
 Metaspace       used 22280K, capacity 22602K, committed 22912K, reserved 1069056K
  class space    used 2799K, capacity 2920K, committed 2944K, reserved 1048576K
}
Event: 20,192 GC heap before
{Heap before GC invocations=12 (full 3):
 PSYoungGen      total 260608K, used 57837K [0x00000000eab00000, 0x0000000100000000, 0x0000000100000000)
  eden space 202752K, 0% used [0x00000000eab00000,0x00000000eab00000,0x00000000f7100000)
  from space 57856K, 99% used [0x00000000f7100000,0x00000000fa97b400,0x00000000fa980000)
  to   space 81408K, 0% used [0x00000000fb080000,0x00000000fb080000,0x0000000100000000)
 ParOldGen       total 159744K, used 110308K [0x00000000c0000000, 0x00000000c9c00000, 0x00000000eab00000)
  object space 159744K, 69% used [0x00000000c0000000,0x00000000c6bb9018,0x00000000c9c00000)
 Metaspace       used 22280K, capacity 22602K, committed 22912K, reserved 1069056K
  class space    used 2799K, capacity 2920K, committed 2944K, reserved 1048576K
Event: 20,614 GC heap after
Heap after GC invocations=12 (full 3):
 PSYoungGen      total 260608K, used 0K [0x00000000eab00000, 0x0000000100000000, 0x0000000100000000)
  eden space 202752K, 0% used [0x00000000eab00000,0x00000000eab00000,0x00000000f7100000)
  from space 57856K, 0% used [0x00000000f7100000,0x00000000f7100000,0x00000000fa980000)
  to   space 81408K, 0% used [0x00000000fb080000,0x00000000fb080000,0x0000000100000000)
 ParOldGen       total 159744K, used 135418K [0x00000000c0000000, 0x00000000c9c00000, 0x00000000eab00000)
  object space 159744K, 84% used [0x00000000c0000000,0x00000000c843e988,0x00000000c9c00000)
 Metaspace       used 22280K, capacity 22602K, committed 22912K, reserved 1069056K
  class space    used 2799K, capacity 2920K, committed 2944K, reserved 1048576K
}
Event: 20,621 GC heap before
{Heap before GC invocations=13 (full 3):
 PSYoungGen      total 260608K, used 5382K [0x00000000eab00000, 0x0000000100000000, 0x0000000100000000)
  eden space 202752K, 2% used [0x00000000eab00000,0x00000000eb041b48,0x00000000f7100000)
  from space 57856K, 0% used [0x00000000f7100000,0x00000000f7100000,0x00000000fa980000)
  to   space 81408K, 0% used [0x00000000fb080000,0x00000000fb080000,0x0000000100000000)
 ParOldGen       total 159744K, used 135418K [0x00000000c0000000, 0x00000000c9c00000, 0x00000000eab00000)
  object space 159744K, 84% used [0x00000000c0000000,0x00000000c843e988,0x00000000c9c00000)
 Metaspace       used 22281K, capacity 22602K, committed 22912K, reserved 1069056K
  class space    used 2799K, capacity 2920K, committed 2944K, reserved 1048576K
Event: 20,634 GC heap after
Heap after GC invocations=13 (full 3):
 PSYoungGen      total 268288K, used 64K [0x00000000eab00000, 0x0000000100000000, 0x0000000100000000)
  eden space 186880K, 0% used [0x00000000eab00000,0x00000000eab00000,0x00000000f6180000)
  from space 81408K, 0% used [0x00000000fb080000,0x00000000fb090000,0x0000000100000000)
  to   space 80896K, 0% used [0x00000000f6180000,0x00000000f6180000,0x00000000fb080000)
 ParOldGen       total 159744K, used 135418K [0x00000000c0000000, 0x00000000c9c00000, 0x00000000eab00000)
  object space 159744K, 84% used [0x00000000c0000000,0x00000000c843e988,0x00000000c9c00000)
 Metaspace       used 22281K, capacity 22602K, committed 22912K, reserved 1069056K
  class space    used 2799K, capacity 2920K, committed 2944K, reserved 1048576K
}
Event: 20,634 GC heap before
{Heap before GC invocations=14 (full 4):
 PSYoungGen      total 268288K, used 64K [0x00000000eab00000, 0x0000000100000000, 0x0000000100000000)
  eden space 186880K, 0% used [0x00000000eab00000,0x00000000eab00000,0x00000000f6180000)
  from space 81408K, 0% used [0x00000000fb080000,0x00000000fb090000,0x0000000100000000)
  to   space 80896K, 0% used [0x00000000f6180000,0x00000000f6180000,0x00000000fb080000)
 ParOldGen       total 159744K, used 135418K [0x00000000c0000000, 0x00000000c9c00000, 0x00000000eab00000)
  object space 159744K, 84% used [0x00000000c0000000,0x00000000c843e988,0x00000000c9c00000)
 Metaspace       used 22281K, capacity 22602K, committed 22912K, reserved 1069056K
  class space    used 2799K, capacity 2920K, committed 2944K, reserved 1048576K
Event: 20,824 GC heap after
Heap after GC invocations=14 (full 4):
 PSYoungGen      total 268288K, used 0K [0x00000000eab00000, 0x0000000100000000, 0x0000000100000000)
  eden space 186880K, 0% used [0x00000000eab00000,0x00000000eab00000,0x00000000f6180000)
  from space 81408K, 0% used [0x00000000fb080000,0x00000000fb080000,0x0000000100000000)
  to   space 80896K, 0% used [0x00000000f6180000,0x00000000f6180000,0x00000000fb080000)
 ParOldGen       total 159744K, used 135418K [0x00000000c0000000, 0x00000000c9c00000, 0x00000000eab00000)
  object space 159744K, 84% used [0x00000000c0000000,0x00000000c843ebf8,0x00000000c9c00000)
 Metaspace       used 22281K, capacity 22602K, committed 22912K, reserved 1069056K
  class space    used 2799K, capacity 2920K, committed 2944K, reserved 1048576K
}
Event: 24,971 GC heap before
{Heap before GC invocations=15 (full 5):
 PSYoungGen      total 268288K, used 186880K [0x00000000eab00000, 0x0000000100000000, 0x0000000100000000)
  eden space 186880K, 100% used [0x00000000eab00000,0x00000000f6180000,0x00000000f6180000)
  from space 81408K, 0% used [0x00000000fb080000,0x00000000fb080000,0x0000000100000000)
  to   space 80896K, 0% used [0x00000000f6180000,0x00000000f6180000,0x00000000fb080000)
 ParOldGen       total 159744K, used 135418K [0x00000000c0000000, 0x00000000c9c00000, 0x00000000eab00000)
  object space 159744K, 84% used [0x00000000c0000000,0x00000000c843ebf8,0x00000000c9c00000)
 Metaspace       used 24229K, capacity 24614K, committed 24960K, reserved 1071104K
  class space    used 2964K, capacity 3088K, committed 3200K, reserved 1048576K
Event: 25,179 GC heap after
Heap after GC invocations=15 (full 5):
 PSYoungGen      total 268288K, used 19921K [0x00000000eab00000, 0x0000000100000000, 0x0000000100000000)
  eden space 186880K, 10% used [0x00000000eab00000,0x00000000ebe74498,0x00000000f6180000)
  from space 81408K, 0% used [0x00000000fb080000,0x00000000fb080000,0x0000000100000000)
  to   space 80896K, 0% used [0x00000000f6180000,0x00000000f6180000,0x00000000fb080000)
 ParOldGen       total 300544K, used 159567K [0x00000000c0000000, 0x00000000d2580000, 0x00000000eab00000)
  object space 300544K, 53% used [0x00000000c0000000,0x00000000c9bd3e88,0x00000000d2580000)
 Metaspace       used 24229K, capacity 24614K, committed 24960K, reserved 1071104K
  class space    used 2964K, capacity 3088K, committed 3200K, reserved 1048576K
}

